# JRE version: Java(TM) SE Runtime Environment (10.0.2+13) (build 10.0.2+13)
# Java VM: Java HotSpot(TM) 64-Bit Server VM (10.0.2+13, mixed mode, tiered, compressed oops, g1 gc, linux-amd64)
Heap:
 garbage-first heap   total 509952K, used 47680K [0x00000000a4a00000, 0x0000000100000000)
  region size 1024K, 2 young (2048K), 2 survivors (2048K)
 Metaspace       used 60898K, capacity 62299K, committed 62464K, reserved 1103872K
  class space    used 7157K, capacity 7650K, committed 7680K, reserved 1048576K
GC Heap History (10 events):
Event: 66,511 GC heap after
{Heap after GC invocations=36 (full 0):
 garbage-first heap   total 262144K, used 43792K [0x00000000a4a00000, 0x0000000100000000)
  region size 1024K, 2 young (2048K), 2 survivors (2048K)
 Metaspace       used 60730K, capacity 62164K, committed 62208K, reserved 1103872K
  class space    used 7152K, capacity 7649K, committed 7680K, reserved 1048576K
}
Event: 67,645 GC heap before
{Heap before GC invocations=36 (full 0):
 garbage-first heap   total 262144K, used 54032K [0x00000000a4a00000, 0x0000000100000000)
  region size 1024K, 12 young (12288K), 2 survivors (2048K)
 Metaspace       used 60732K, capacity 62164K, committed 62208K, reserved 1103872K
  class space    used 7152K, capacity 7649K, committed 7680K, reserved 1048576K
}
Event: 67,653 GC heap after
{Heap after GC invocations=37 (full 0):
 garbage-first heap   total 262144K, used 44662K [0x00000000a4a00000, 0x0000000100000000)
  region size 1024K, 2 young (2048K), 2 survivors (2048K)
 Metaspace       used 60732K, capacity 62164K, committed 62208K, reserved 1103872K
  class space    used 7152K, capacity 7649K, committed 7680K, reserved 1048576K
}
Event: 68,350 GC heap before
{Heap before GC invocations=37 (full 0):
 garbage-first heap   total 262144K, used 54902K [0x00000000a4a00000, 0x0000000100000000)
  region size 1024K, 12 young (12288K), 2 survivors (2048K)
 Metaspace       used 60732K, capacity 62164K, committed 62208K, reserved 1103872K
  class space    used 7152K, capacity 7649K, committed 7680K, reserved 1048576K
}
Event: 68,355 GC heap after
{Heap after GC invocations=38 (full 0):
 garbage-first heap   total 262144K, used 45323K [0x00000000a4a00000, 0x0000000100000000)
  region size 1024K, 2 young (2048K), 2 survivors (2048K)
 Metaspace       used 60732K, capacity 62164K, committed 62208K, reserved 1103872K
  class space    used 7152K, capacity 7649K, committed 7680K, reserved 1048576K
}
Event: 68,517 GC heap before
{Heap before GC invocations=38 (full 0):
 garbage-first heap   total 262144K, used 57611K [0x00000000a4a00000, 0x0000000100000000)
  region size 1024K, 14 young (14336K), 2 survivors (2048K)
 Metaspace       used 60737K, capacity 62165K, committed 62208K, reserved 1103872K
  class space    used 7152K, capacity 7649K, committed 7680K, reserved 1048576K
}
Event: 68,525 GC heap after
{Heap after GC invocations=39 (full 0):
 garbage-first heap   total 262144K, used 46364K [0x00000000a4a00000, 0x0000000100000000)
  region size 1024K, 2 young (2048K), 2 survivors (2048K)
 Metaspace       used 60737K, capacity 62165K, committed 62208K, reserved 1103872K
  class space    used 7152K, capacity 7649K, committed 7680K, reserved 1048576K
}
Event: 68,902 GC heap before
{Heap before GC invocations=39 (full 0):
 garbage-first heap   total 262144K, used 59676K [0x00000000a4a00000, 0x0000000100000000)
  region size 1024K, 15 young (15360K), 2 survivors (2048K)
 Metaspace       used 60780K, capacity 62165K, committed 62208K, reserved 1103872K
  class space    used 7152K, capacity 7649K, committed 7680K, reserved 1048576K
}
Event: 68,908 GC heap after
{Heap after GC invocations=40 (full 0):
 garbage-first heap   total 262144K, used 47545K [0x00000000a4a00000, 0x0000000100000000)
  region size 1024K, 2 young (2048K), 2 survivors (2048K)
 Metaspace       used 60780K, capacity 62165K, committed 62208K, reserved 1103872K
  class space    used 7152K, capacity 7649K, committed 7680K, reserved 1048576K
}
Event: 69,104 GC heap before
{Heap before GC invocations=40 (full 0):
 garbage-first heap   total 262144K, used 62905K [0x00000000a4a00000, 0x0000000100000000)
  region size 1024K, 17 young (17408K), 2 survivors (2048K)
 Metaspace       used 60898K, capacity 62299K, committed 62464K, reserved 1103872K
  class space    used 7157K, capacity 7650K, committed 7680K, reserved 1048576K
}

